1365531024,1Blocker
1437681957,Audio Book Builder
425264550,Blackmagic Disk Speed Test
1518425043,Boop
635758264,Calca
1287239339,Color Slurp
1057705278,Color Squid
1576476152,Color Folders
411643860,Daisy Disk
1470584107,Dato
1355679052,Dropover
424389933,Final Cut Pro
682658836,Garage Band
1444383602,Good Notes
1462114288,Grammarly
1450752761,Harmony Bridge
955414427,Home Designer 3D
6444667067,Hyperducks
302584613,Kindle
1611554653,Logger for Shortcuts
890031187,Marked 2
1575588022,Menubar x
1397099749,Meta Image
1289197285,Mind Node
434290957,Motion
1532597159,Mp3 Tag
1142578753,OmniGraffle
1303222628,Paprika
1120099014,PDF Viewer
1289583905,Pixelmator Pro
1444636541,Photomator
1611378436,Pure Paste
1336634154,Secure Shell Fish
1597340986,Sharebot
1522267256,Shareful
6445813049,Spark
1519946553,Subtrack
425424353,The Unarchiver
1263472847,Video File List
889428659,Xscope
497799835,XCode
