#1password:1Password
1password-cli
a-better-finder-rename:"A Better Finder Rename"
a-better-finder-attributes:"A Better Finder Attributes"
airfoil:Airfoil
alacritty
alfred:Alfred
affinity-designer:"Affinity Designer"
affinity-photo
affinity-publisher
applite
audio-hijack
avast-security:Avast
backblaze:Backblaze
carbon-copy-cloner:"Carbon Copy Cloner"
default-folder-x:"Default Folder X"
devtoys
discord:Discord
dropbox:Dropbox
dropzone
elgato-stream-deck
fastrawviewer:FastRawViewer
figma:Figma
find-any-file:"Find Any File"
finicky:Finicky
fission:Fission
fujitsu-scansnap-home
google-chrome:"Google Chrome"
hazel:Hazel
httpie:HTTPie
keyboard-cleaner:"KeyboardCleanTool"
keyboard-maestro:"Keyboard Maestro"
knockknock
lingon-x:"Lingon X"
loopback
makemkv
netiquette:Netiquette
obsidian:Obsidian
onyx
plex
private-internet-access:"Private Internet Access"
qmk-toolbox
rectangle:Rectangle
retrobatch
rightfont:RightFont
radio-silence
screenflick:Screenflick
screenflow:Screenflow
setapp:Setapp
shortcat:Shortcat
sloth:Sloth
soundsource:SoundSource
telegram:Telegram
todoist:Todoist
topnotch:TopNotch
transmission
transmit:Transmit
visual-studio-code:"Visual Studio Code"
zed:Zed
