bat
blueutil
boxes
btop
cmatrix
cowsay
dasel
diff-so-fancy
difftastic:difft
duf
entr
eza
fd
ffmpeg
figlet
fnm
forgit
fortune
fx
fzf
gawk
gh
git-delta:delta
gping
gs
gsed
gum
htmlq
htop
httpie
hurl
imagemagick:magick
jo
jordanbaird-ice
jq
jqp
jsonpp
kitty
lazydocker
lazygit
luarocks
mailsy
marta
mas
mc
mdless
monitorcontrol
ncdu
neofetch
node
numi
nvim
pyenv
rclone
rg
sl
speedtest
starship
stow
superfile:spf
tag
tealdeer:tldr
tmux
toilet
trdsql
tree
wakeonlan
wezterm
wifi-password
xh
yazi
yq
yt-dlp
zoxide
